#
# There is insufficient memory for the Java Runtime Environment to continue.
# Native memory allocation (malloc) failed to allocate 103872 bytes for Chunk::new
# Possible reasons:
#   The system is out of physical RAM or swap space
#   The process is running with CompressedOops enabled, and the Java Heap may be blocking the growth of the native heap
# Possible solutions:
#   Reduce memory load on the system
#   Increase physical memory or swap space
#   Check if swap backing store is full
#   Decrease Java heap size (-Xmx/-Xms)
#   Decrease number of Java threads
#   Decrease Java thread stack sizes (-Xss)
#   Set larger code cache with -XX:ReservedCodeCacheSize=
#   JVM is running with Unscaled Compressed Oops mode in which the Java heap is
#     placed in the first 4GB address space. The Java Heap base address is the
#     maximum limit for the native heap growth. Please use -XX:HeapBaseMinAddress
#     to set the Java Heap base and to place the Java Heap above 4GB virtual address.
# This output file may be truncated or incomplete.
#
#  Out of Memory Error (./src/hotspot/share/memory/arena.cpp:197), pid=15412, tid=14640
#
# JRE version: OpenJDK Runtime Environment (11.0.10) (build 11.0.10+0-b96-7249189)
# Java VM: OpenJDK 64-Bit Server VM (11.0.10+0-b96-7249189, mixed mode, tiered, compressed oops, g1 gc, windows-amd64)
# No core dump will be written. Minidumps are not enabled by default on client versions of Windows
#

---------------  S U M M A R Y ------------

Command Line: --add-opens=java.base/java.util=ALL-UNNAMED --add-opens=java.base/java.lang=ALL-UNNAMED --add-opens=java.base/java.lang.invoke=ALL-UNNAMED --add-opens=java.base/java.util=ALL-UNNAMED --add-opens=java.prefs/java.util.prefs=ALL-UNNAMED --add-opens=java.prefs/java.util.prefs=ALL-UNNAMED --add-opens=java.base/java.nio.charset=ALL-UNNAMED --add-opens=java.base/java.net=ALL-UNNAMED --add-opens=java.base/java.util.concurrent.atomic=ALL-UNNAMED -Xmx2048m -Dfile.encoding=UTF-8 -Duser.country=RU -Duser.language=ru -Duser.variant org.gradle.launcher.daemon.bootstrap.GradleDaemon 7.0.2

Host: Intel(R) Core(TM) i5-10500H CPU @ 2.50GHz, 12 cores, 7G,  Windows 10 , 64 bit Build 19041 (10.0.19041.1348)
Time: Thu Dec 30 15:35:28 2021 RTZ 2 (зима) elapsed time: 6.702369 seconds (0d 0h 0m 6s)

---------------  T H R E A D  ---------------

Current thread (0x0000024806052800):  JavaThread "C2 CompilerThread0" daemon [_thread_in_native, id=14640, stack(0x000000febc800000,0x000000febc900000)]


Current CompileTask:
C2:   6702 5115 % !   4       java.util.jar.Attributes::read @ 186 (390 bytes)

Stack: [0x000000febc800000,0x000000febc900000]
Native frames: (J=compiled Java code, j=interpreted, Vv=VM code, C=native code)
V  [jvm.dll+0x5ecfaa]
V  [jvm.dll+0x722bd5]
V  [jvm.dll+0x72412d]
V  [jvm.dll+0x7247e3]
V  [jvm.dll+0x242928]
V  [jvm.dll+0xbc4fc]
V  [jvm.dll+0xbca0c]
V  [jvm.dll+0xbc608]
V  [jvm.dll+0x648abc]
V  [jvm.dll+0x50d264]
V  [jvm.dll+0x4f7178]
V  [jvm.dll+0x4f44e9]
V  [jvm.dll+0x4f6219]
V  [jvm.dll+0x4f5e9b]
V  [jvm.dll+0x4f566f]
V  [jvm.dll+0x4f5636]
V  [jvm.dll+0x4f5636]
V  [jvm.dll+0x4f5636]
V  [jvm.dll+0x4f5683]
V  [jvm.dll+0x4f5636]
V  [jvm.dll+0x506586]
V  [jvm.dll+0x1fccf6]
V  [jvm.dll+0x1fa77f]
V  [jvm.dll+0x18354c]
V  [jvm.dll+0x208ee7]
V  [jvm.dll+0x207731]
V  [jvm.dll+0x6eb1cf]
V  [jvm.dll+0x6e3d45]
V  [jvm.dll+0x5ebe96]
C  [ucrtbase.dll+0x21bb2]
C  [KERNEL32.DLL+0x17034]
C  [ntdll.dll+0x52651]


---------------  P R O C E S S  ---------------

Threads class SMR info:
_java_thread_list=0x000002480dfa1e80, length=57, elements={
0x0000024868c1d800, 0x000002487f5ab800, 0x000002487f5b5800, 0x000002480604d000,
0x000002480604f800, 0x000002487f5c0800, 0x0000024806052800, 0x000002487f5d0000,
0x000002487f5bd800, 0x000002487f5c4000, 0x000002487f5be000, 0x000002487f5c1800,
0x000002487f5c2000, 0x000002487f5bf000, 0x000002487f5c3000, 0x000002487f5c0000,
0x000002480839d000, 0x0000024808398000, 0x000002480839a000, 0x000002480839b800,
0x0000024808399000, 0x0000024808397800, 0x000002480839e000, 0x000002480839f800,
0x000002480839c800, 0x000002480839f000, 0x000002480839a800, 0x00000248083a2000,
0x00000248083a4800, 0x00000248083a5800, 0x00000248083a6000, 0x00000248083a3000,
0x00000248083a1000, 0x00000248097c1000, 0x00000248097c7000, 0x00000248097c2000,
0x00000248097c5800, 0x00000248097c3000, 0x00000248097c9800, 0x00000248097cc000,
0x00000248097c8800, 0x00000248097c8000, 0x00000248097ca000, 0x00000248097cb000,
0x00000248097c6000, 0x00000248097cc800, 0x00000248097cd800, 0x00000248097ce800,
0x000002480d154800, 0x000002480d151800, 0x000002480d152000, 0x000002480d150800,
0x000002480d153000, 0x000002480d155800, 0x000002480d153800, 0x000002480d14f800,
0x000002480d15a000
}

Java Threads: ( => current thread )
  0x0000024868c1d800 JavaThread "main" [_thread_blocked, id=8232, stack(0x000000febbc00000,0x000000febbd00000)]
  0x000002487f5ab800 JavaThread "Reference Handler" daemon [_thread_blocked, id=6836, stack(0x000000febc300000,0x000000febc400000)]
  0x000002487f5b5800 JavaThread "Finalizer" daemon [_thread_blocked, id=15864, stack(0x000000febc400000,0x000000febc500000)]
  0x000002480604d000 JavaThread "Signal Dispatcher" daemon [_thread_blocked, id=14056, stack(0x000000febc500000,0x000000febc600000)]
  0x000002480604f800 JavaThread "Attach Listener" daemon [_thread_blocked, id=16064, stack(0x000000febc600000,0x000000febc700000)]
  0x000002487f5c0800 JavaThread "Service Thread" daemon [_thread_blocked, id=15068, stack(0x000000febc700000,0x000000febc800000)]
=>0x0000024806052800 JavaThread "C2 CompilerThread0" daemon [_thread_in_native, id=14640, stack(0x000000febc800000,0x000000febc900000)]
  0x000002487f5d0000 JavaThread "C1 CompilerThread0" daemon [_thread_blocked, id=15528, stack(0x000000febc900000,0x000000febca00000)]
  0x000002487f5bd800 JavaThread "Sweeper thread" daemon [_thread_blocked, id=11004, stack(0x000000febca00000,0x000000febcb00000)]
  0x000002487f5c4000 JavaThread "Common-Cleaner" daemon [_thread_blocked, id=14868, stack(0x000000febcb00000,0x000000febcc00000)]
  0x000002487f5be000 JavaThread "Daemon health stats" [_thread_blocked, id=15848, stack(0x000000febd100000,0x000000febd200000)]
  0x000002487f5c1800 JavaThread "Incoming local TCP Connector on port 50674" [_thread_in_native, id=15384, stack(0x000000febd200000,0x000000febd300000)]
  0x000002487f5c2000 JavaThread "Daemon periodic checks" [_thread_blocked, id=10960, stack(0x000000febd300000,0x000000febd400000)]
  0x000002487f5bf000 JavaThread "Daemon" [_thread_blocked, id=14120, stack(0x000000febd400000,0x000000febd500000)]
  0x000002487f5c3000 JavaThread "Handler for socket connection from /127.0.0.1:50674 to /127.0.0.1:50675" [_thread_in_native, id=13740, stack(0x000000febd500000,0x000000febd600000)]
  0x000002487f5c0000 JavaThread "Cancel handler" [_thread_blocked, id=15952, stack(0x000000febd600000,0x000000febd700000)]
  0x000002480839d000 JavaThread "Daemon worker" [_thread_blocked, id=9780, stack(0x000000febd700000,0x000000febd800000)]
  0x0000024808398000 JavaThread "Asynchronous log dispatcher for DefaultDaemonConnection: socket connection from /127.0.0.1:50674 to /127.0.0.1:50675" [_thread_blocked, id=9776, stack(0x000000febd800000,0x000000febd900000)]
  0x000002480839a000 JavaThread "Stdin handler" [_thread_blocked, id=15872, stack(0x000000febd900000,0x000000febda00000)]
  0x000002480839b800 JavaThread "Daemon client event forwarder" [_thread_blocked, id=13248, stack(0x000000febda00000,0x000000febdb00000)]
  0x0000024808399000 JavaThread "Cache worker for file hash cache (C:\Users\DADJOD\.gradle\caches\7.0.2\fileHashes)" [_thread_blocked, id=4420, stack(0x000000febce00000,0x000000febcf00000)]
  0x0000024808397800 JavaThread "File lock request listener" [_thread_in_native, id=13576, stack(0x000000febe200000,0x000000febe300000)]
  0x000002480839e000 JavaThread "Cache worker for journal cache (C:\Users\DADJOD\.gradle\caches\journal-1)" [_thread_blocked, id=9212, stack(0x000000febe500000,0x000000febe600000)]
  0x000002480839f800 JavaThread "Cache worker for file hash cache (D:\Tools\Android Studio Projects\Fisher_Handbook\.gradle\7.0.2\fileHashes)" [_thread_blocked, id=15300, stack(0x000000febe600000,0x000000febe700000)]
  0x000002480839c800 JavaThread "File watcher server" daemon [_thread_in_native, id=15108, stack(0x000000febe700000,0x000000febe800000)]
  0x000002480839f000 JavaThread "File watcher consumer" daemon [_thread_blocked, id=15944, stack(0x000000febe800000,0x000000febe900000)]
  0x000002480839a800 JavaThread "Cache worker for checksums cache (D:\Tools\Android Studio Projects\Fisher_Handbook\.gradle\checksums)" [_thread_blocked, id=13856, stack(0x000000febe900000,0x000000febea00000)]
  0x00000248083a2000 JavaThread "Cache worker for cache directory md-supplier (C:\Users\DADJOD\.gradle\caches\7.0.2\md-supplier)" [_thread_blocked, id=10232, stack(0x000000febea00000,0x000000febeb00000)]
  0x00000248083a4800 JavaThread "Cache worker for cache directory md-rule (C:\Users\DADJOD\.gradle\caches\7.0.2\md-rule)" [_thread_blocked, id=15612, stack(0x000000febeb00000,0x000000febec00000)]
  0x00000248083a5800 JavaThread "Cache worker for execution history cache (C:\Users\DADJOD\.gradle\caches\7.0.2\executionHistory)" [_thread_blocked, id=1444, stack(0x000000febec00000,0x000000febed00000)]
  0x00000248083a6000 JavaThread "jar transforms" [_thread_blocked, id=12544, stack(0x000000febee00000,0x000000febef00000)]
  0x00000248083a3000 JavaThread "jar transforms Thread 2" [_thread_blocked, id=12804, stack(0x000000febef00000,0x000000febf000000)]
  0x00000248083a1000 JavaThread "Cache worker for file content cache (C:\Users\DADJOD\.gradle\caches\7.0.2\fileContent)" [_thread_blocked, id=2420, stack(0x000000febf000000,0x000000febf100000)]
  0x00000248097c1000 JavaThread "Cache worker for dependencies-accessors (D:\Tools\Android Studio Projects\Fisher_Handbook\.gradle\7.0.2\dependencies-accessors)" [_thread_blocked, id=12660, stack(0x000000febf100000,0x000000febf200000)]
  0x00000248097c7000 JavaThread "jar transforms Thread 3" [_thread_blocked, id=4988, stack(0x000000febf200000,0x000000febf300000)]
  0x00000248097c2000 JavaThread "Cache worker for Build Output Cleanup Cache (D:\Tools\Android Studio Projects\Fisher_Handbook\.gradle\buildOutputCleanup)" [_thread_blocked, id=14464, stack(0x000000febf300000,0x000000febf400000)]
  0x00000248097c5800 JavaThread "Build operations" [_thread_blocked, id=14720, stack(0x000000febf400000,0x000000febf500000)]
  0x00000248097c3000 JavaThread "Build operations Thread 2" [_thread_blocked, id=7112, stack(0x000000febf500000,0x000000febf600000)]
  0x00000248097c9800 JavaThread "Build operations Thread 3" [_thread_blocked, id=16108, stack(0x000000febf600000,0x000000febf700000)]
  0x00000248097cc000 JavaThread "Build operations Thread 4" [_thread_blocked, id=12128, stack(0x000000febf700000,0x000000febf800000)]
  0x00000248097c8800 JavaThread "Build operations Thread 5" [_thread_blocked, id=14304, stack(0x000000febf800000,0x000000febf900000)]
  0x00000248097c8000 JavaThread "Build operations Thread 6" [_thread_blocked, id=15048, stack(0x000000febf900000,0x000000febfa00000)]
  0x00000248097ca000 JavaThread "Build operations Thread 7" [_thread_blocked, id=13732, stack(0x000000febfa00000,0x000000febfb00000)]
  0x00000248097cb000 JavaThread "Build operations Thread 8" [_thread_blocked, id=3508, stack(0x000000febfb00000,0x000000febfc00000)]
  0x00000248097c6000 JavaThread "Build operations Thread 9" [_thread_blocked, id=15084, stack(0x000000febfc00000,0x000000febfd00000)]
  0x00000248097cc800 JavaThread "Build operations Thread 10" [_thread_blocked, id=15204, stack(0x000000febfd00000,0x000000febfe00000)]
  0x00000248097cd800 JavaThread "Build operations Thread 11" [_thread_blocked, id=11816, stack(0x000000febfe00000,0x000000febff00000)]
  0x00000248097ce800 JavaThread "Build operations Thread 12" [_thread_blocked, id=15540, stack(0x000000febff00000,0x000000fec0000000)]
  0x000002480d154800 JavaThread "jar transforms Thread 4" [_thread_blocked, id=9936, stack(0x000000fec0000000,0x000000fec0100000)]
  0x000002480d151800 JavaThread "jar transforms Thread 5" [_thread_blocked, id=14260, stack(0x000000fec0100000,0x000000fec0200000)]
  0x000002480d152000 JavaThread "jar transforms Thread 6" [_thread_blocked, id=8876, stack(0x000000fec0200000,0x000000fec0300000)]
  0x000002480d150800 JavaThread "jar transforms Thread 7" [_thread_blocked, id=15840, stack(0x000000fec0300000,0x000000fec0400000)]
  0x000002480d153000 JavaThread "jar transforms Thread 8" [_thread_blocked, id=1528, stack(0x000000fec0400000,0x000000fec0500000)]
  0x000002480d155800 JavaThread "jar transforms Thread 9" [_thread_blocked, id=5700, stack(0x000000fec0500000,0x000000fec0600000)]
  0x000002480d153800 JavaThread "jar transforms Thread 10" [_thread_blocked, id=13288, stack(0x000000fec0600000,0x000000fec0700000)]
  0x000002480d14f800 JavaThread "jar transforms Thread 11" [_thread_blocked, id=15616, stack(0x000000fec0700000,0x000000fec0800000)]
  0x000002480d15a000 JavaThread "jar transforms Thread 12" [_thread_blocked, id=5232, stack(0x000000fec0800000,0x000000fec0900000)]

Other Threads:
  0x000002487f5a9800 VMThread "VM Thread" [stack: 0x000000febc200000,0x000000febc300000] [id=8872]
  0x00000248061de800 WatcherThread [stack: 0x000000febcc00000,0x000000febcd00000] [id=8660]
  0x0000024868d3f000 GCTaskThread "GC Thread#0" [stack: 0x000000febbd00000,0x000000febbe00000] [id=15796]
  0x0000024806bfe800 GCTaskThread "GC Thread#1" [stack: 0x000000febcf00000,0x000000febd000000] [id=11588]
  0x00000248071ae000 GCTaskThread "GC Thread#2" [stack: 0x000000febd000000,0x000000febd100000] [id=14636]
  0x0000024807fdc000 GCTaskThread "GC Thread#3" [stack: 0x000000febdb00000,0x000000febdc00000] [id=12620]
  0x0000024808744800 GCTaskThread "GC Thread#4" [stack: 0x000000febdc00000,0x000000febdd00000] [id=15268]
  0x0000024808745800 GCTaskThread "GC Thread#5" [stack: 0x000000febdd00000,0x000000febde00000] [id=16196]
  0x00000248076af800 GCTaskThread "GC Thread#6" [stack: 0x000000febde00000,0x000000febdf00000] [id=10048]
  0x00000248076b0000 GCTaskThread "GC Thread#7" [stack: 0x000000febdf00000,0x000000febe000000] [id=11428]
  0x00000248075c5800 GCTaskThread "GC Thread#8" [stack: 0x000000febe000000,0x000000febe100000] [id=11488]
  0x00000248075c6800 GCTaskThread "GC Thread#9" [stack: 0x000000febe100000,0x000000febe200000] [id=7272]
  0x0000024868d76000 ConcurrentGCThread "G1 Main Marker" [stack: 0x000000febbe00000,0x000000febbf00000] [id=12832]
  0x0000024868d78000 ConcurrentGCThread "G1 Conc#0" [stack: 0x000000febbf00000,0x000000febc000000] [id=14888]
  0x0000024809058000 ConcurrentGCThread "G1 Conc#1" [stack: 0x000000febe300000,0x000000febe400000] [id=9332]
  0x0000024807f47800 ConcurrentGCThread "G1 Conc#2" [stack: 0x000000febe400000,0x000000febe500000] [id=7608]
  0x000002487f3f2800 ConcurrentGCThread "G1 Refine#0" [stack: 0x000000febc000000,0x000000febc100000] [id=13212]
  0x000002487f3f3000 ConcurrentGCThread "G1 Young RemSet Sampling" [stack: 0x000000febc100000,0x000000febc200000] [id=9816]

Threads with active compile tasks:
C2 CompilerThread0   6779 5115 % !   4       java.util.jar.Attributes::read @ 186 (390 bytes)

VM state:at safepoint (normal execution)

VM Mutex/Monitor currently owned by a thread:  ([mutex/lock_event])
[0x0000024868c1b8c0] Threads_lock - owner thread: 0x000002487f5a9800
[0x0000024868c1b0e0] Heap_lock - owner thread: 0x000002480839d000

Heap address: 0x0000000080000000, size: 2048 MB, Compressed Oops mode: 32-bit
Narrow klass base: 0x0000000000000000, Narrow klass shift: 3
Compressed class space size: 1073741824 Address: 0x0000000100000000

Heap:
 garbage-first heap   total 155648K, used 41400K [0x0000000080000000, 0x0000000100000000)
  region size 1024K, 10 young (10240K), 10 survivors (10240K)
 Metaspace       used 48905K, capacity 50196K, committed 50304K, reserved 1103872K
  class space    used 6262K, capacity 6725K, committed 6784K, reserved 1048576K
Heap Regions: E=young(eden), S=young(survivor), O=old, HS=humongous(starts), HC=humongous(continues), CS=collection set, F=free, A=archive, TAMS=top-at-mark-start (previous, next)
|   0|0x0000000080000000, 0x0000000080100000, 0x0000000080100000|100%| O|  |TAMS 0x0000000080100000, 0x0000000080100000| Untracked 
|   1|0x0000000080100000, 0x0000000080200000, 0x0000000080200000|100%| O|  |TAMS 0x0000000080200000, 0x0000000080200000| Untracked 
|   2|0x0000000080200000, 0x0000000080300000, 0x0000000080300000|100%| O|  |TAMS 0x0000000080300000, 0x0000000080300000| Untracked 
|   3|0x0000000080300000, 0x0000000080400000, 0x0000000080400000|100%|HS|  |TAMS 0x0000000080400000, 0x0000000080400000| Complete 
|   4|0x0000000080400000, 0x0000000080500000, 0x0000000080500000|100%|HC|  |TAMS 0x0000000080500000, 0x0000000080500000| Complete 
|   5|0x0000000080500000, 0x0000000080600000, 0x0000000080600000|100%|HC|  |TAMS 0x0000000080600000, 0x0000000080600000| Complete 
|   6|0x0000000080600000, 0x0000000080700000, 0x0000000080700000|100%| O|  |TAMS 0x0000000080700000, 0x0000000080700000| Untracked 
|   7|0x0000000080700000, 0x0000000080800000, 0x0000000080800000|100%| O|  |TAMS 0x0000000080800000, 0x0000000080800000| Untracked 
|   8|0x0000000080800000, 0x0000000080900000, 0x0000000080900000|100%| O|  |TAMS 0x0000000080900000, 0x0000000080900000| Untracked 
|   9|0x0000000080900000, 0x0000000080a00000, 0x0000000080a00000|100%| O|  |TAMS 0x0000000080a00000, 0x0000000080a00000| Untracked 
|  10|0x0000000080a00000, 0x0000000080b00000, 0x0000000080b00000|100%| O|  |TAMS 0x0000000080b00000, 0x0000000080b00000| Untracked 
|  11|0x0000000080b00000, 0x0000000080c00000, 0x0000000080c00000|100%| O|  |TAMS 0x0000000080c00000, 0x0000000080c00000| Untracked 
|  12|0x0000000080c00000, 0x0000000080d00000, 0x0000000080d00000|100%| O|  |TAMS 0x0000000080d00000, 0x0000000080d00000| Untracked 
|  13|0x0000000080d00000, 0x0000000080e00000, 0x0000000080e00000|100%| O|  |TAMS 0x0000000080e00000, 0x0000000080e00000| Untracked 
|  14|0x0000000080e00000, 0x0000000080f00000, 0x0000000080f00000|100%| O|  |TAMS 0x0000000080f00000, 0x0000000080f00000| Untracked 
|  15|0x0000000080f00000, 0x0000000081000000, 0x0000000081000000|100%| O|  |TAMS 0x0000000080f9ac00, 0x0000000081000000| Untracked 
|  16|0x0000000081000000, 0x0000000081100000, 0x0000000081100000|100%|HS|  |TAMS 0x0000000081000000, 0x0000000081100000| Complete 
|  17|0x0000000081100000, 0x0000000081200000, 0x0000000081200000|100%| O|  |TAMS 0x0000000081100000, 0x0000000081200000| Untracked 
|  18|0x0000000081200000, 0x0000000081300000, 0x0000000081300000|100%| O|  |TAMS 0x0000000081200000, 0x0000000081300000| Untracked 
|  19|0x0000000081300000, 0x0000000081400000, 0x0000000081400000|100%| O|  |TAMS 0x0000000081300000, 0x0000000081400000| Untracked 
|  20|0x0000000081400000, 0x0000000081500000, 0x0000000081500000|100%| O|  |TAMS 0x0000000081400000, 0x0000000081500000| Untracked 
|  21|0x0000000081500000, 0x0000000081600000, 0x0000000081600000|100%| O|  |TAMS 0x0000000081500000, 0x0000000081600000| Untracked 
|  22|0x0000000081600000, 0x0000000081700000, 0x0000000081700000|100%| O|  |TAMS 0x0000000081600000, 0x0000000081700000| Untracked 
|  23|0x0000000081700000, 0x0000000081800000, 0x0000000081800000|100%|HS|  |TAMS 0x0000000081700000, 0x0000000081800000| Complete 
|  24|0x0000000081800000, 0x0000000081900000, 0x0000000081900000|100%|HS|  |TAMS 0x0000000081800000, 0x0000000081900000| Complete 
|  25|0x0000000081900000, 0x0000000081a00000, 0x0000000081a00000|100%|HC|  |TAMS 0x0000000081900000, 0x0000000081a00000| Complete 
|  26|0x0000000081a00000, 0x0000000081b00000, 0x0000000081b00000|100%| O|  |TAMS 0x0000000081a00000, 0x0000000081b00000| Untracked 
|  27|0x0000000081b00000, 0x0000000081c00000, 0x0000000081c00000|100%| O|  |TAMS 0x0000000081b00000, 0x0000000081c00000| Untracked 
|  28|0x0000000081c00000, 0x0000000081d00000, 0x0000000081d00000|100%| O|  |TAMS 0x0000000081c00000, 0x0000000081d00000| Untracked 
|  29|0x0000000081d00000, 0x0000000081e00000, 0x0000000081e00000|100%| O|  |TAMS 0x0000000081d00000, 0x0000000081e00000| Untracked 
|  30|0x0000000081e00000, 0x0000000081e6e000, 0x0000000081f00000| 42%| O|  |TAMS 0x0000000081e00000, 0x0000000081e6e000| Untracked 
|  31|0x0000000081f00000, 0x0000000081f00000, 0x0000000082000000|  0%| F|  |TAMS 0x0000000081f00000, 0x0000000081f00000| Untracked 
|  32|0x0000000082000000, 0x0000000082000000, 0x0000000082100000|  0%| F|  |TAMS 0x0000000082000000, 0x0000000082000000| Untracked 
|  33|0x0000000082100000, 0x0000000082100000, 0x0000000082200000|  0%| F|  |TAMS 0x0000000082100000, 0x0000000082100000| Untracked 
|  34|0x0000000082200000, 0x0000000082200000, 0x0000000082300000|  0%| F|  |TAMS 0x0000000082200000, 0x0000000082200000| Untracked 
|  35|0x0000000082300000, 0x0000000082300000, 0x0000000082400000|  0%| F|  |TAMS 0x0000000082300000, 0x0000000082300000| Untracked 
|  36|0x0000000082400000, 0x0000000082400000, 0x0000000082500000|  0%| F|  |TAMS 0x0000000082400000, 0x0000000082400000| Untracked 
|  37|0x0000000082500000, 0x0000000082500000, 0x0000000082600000|  0%| F|  |TAMS 0x0000000082500000, 0x0000000082500000| Untracked 
|  38|0x0000000082600000, 0x0000000082600000, 0x0000000082700000|  0%| F|  |TAMS 0x0000000082600000, 0x0000000082600000| Untracked 
|  39|0x0000000082700000, 0x0000000082700000, 0x0000000082800000|  0%| F|  |TAMS 0x0000000082700000, 0x0000000082700000| Untracked 
|  40|0x0000000082800000, 0x0000000082800000, 0x0000000082900000|  0%| F|  |TAMS 0x0000000082800000, 0x0000000082800000| Untracked 
|  41|0x0000000082900000, 0x0000000082900000, 0x0000000082a00000|  0%| F|  |TAMS 0x0000000082900000, 0x0000000082900000| Untracked 
|  42|0x0000000082a00000, 0x0000000082a00000, 0x0000000082b00000|  0%| F|  |TAMS 0x0000000082a00000, 0x0000000082a00000| Untracked 
|  43|0x0000000082b00000, 0x0000000082b00000, 0x0000000082c00000|  0%| F|  |TAMS 0x0000000082b00000, 0x0000000082b00000| Untracked 
|  44|0x0000000082c00000, 0x0000000082c00000, 0x0000000082d00000|  0%| F|  |TAMS 0x0000000082c00000, 0x0000000082c00000| Untracked 
|  45|0x0000000082d00000, 0x0000000082d00000, 0x0000000082e00000|  0%| F|  |TAMS 0x0000000082d00000, 0x0000000082d00000| Untracked 
|  46|0x0000000082e00000, 0x0000000082e00000, 0x0000000082f00000|  0%| F|  |TAMS 0x0000000082e00000, 0x0000000082e00000| Untracked 
|  47|0x0000000082f00000, 0x0000000082f00000, 0x0000000083000000|  0%| F|  |TAMS 0x0000000082f00000, 0x0000000082f00000| Untracked 
|  48|0x0000000083000000, 0x0000000083000000, 0x0000000083100000|  0%| F|  |TAMS 0x0000000083000000, 0x0000000083000000| Untracked 
|  49|0x0000000083100000, 0x0000000083100000, 0x0000000083200000|  0%| F|  |TAMS 0x0000000083100000, 0x0000000083100000| Untracked 
|  50|0x0000000083200000, 0x0000000083200000, 0x0000000083300000|  0%| F|  |TAMS 0x0000000083200000, 0x0000000083200000| Untracked 
|  51|0x0000000083300000, 0x0000000083300000, 0x0000000083400000|  0%| F|  |TAMS 0x0000000083300000, 0x0000000083300000| Untracked 
|  52|0x0000000083400000, 0x0000000083400000, 0x0000000083500000|  0%| F|  |TAMS 0x0000000083400000, 0x0000000083400000| Untracked 
|  53|0x0000000083500000, 0x0000000083500000, 0x0000000083600000|  0%| F|  |TAMS 0x0000000083500000, 0x0000000083500000| Untracked 
|  54|0x0000000083600000, 0x0000000083600000, 0x0000000083700000|  0%| F|  |TAMS 0x0000000083600000, 0x0000000083600000| Untracked 
|  55|0x0000000083700000, 0x0000000083700000, 0x0000000083800000|  0%| F|  |TAMS 0x0000000083700000, 0x0000000083700000| Untracked 
|  56|0x0000000083800000, 0x0000000083800000, 0x0000000083900000|  0%| F|  |TAMS 0x0000000083800000, 0x0000000083800000| Untracked 
|  57|0x0000000083900000, 0x0000000083900000, 0x0000000083a00000|  0%| F|  |TAMS 0x0000000083900000, 0x0000000083900000| Untracked 
|  58|0x0000000083a00000, 0x0000000083a00000, 0x0000000083b00000|  0%| F|  |TAMS 0x0000000083a00000, 0x0000000083a00000| Untracked 
|  59|0x0000000083b00000, 0x0000000083b00000, 0x0000000083c00000|  0%| F|  |TAMS 0x0000000083b00000, 0x0000000083b00000| Untracked 
|  60|0x0000000083c00000, 0x0000000083c00000, 0x0000000083d00000|  0%| F|  |TAMS 0x0000000083c00000, 0x0000000083c00000| Untracked 
|  61|0x0000000083d00000, 0x0000000083d00000, 0x0000000083e00000|  0%| F|  |TAMS 0x0000000083d00000, 0x0000000083d00000| Untracked 
|  62|0x0000000083e00000, 0x0000000083e00000, 0x0000000083f00000|  0%| F|  |TAMS 0x0000000083e00000, 0x0000000083e00000| Untracked 
|  63|0x0000000083f00000, 0x0000000083f00000, 0x0000000084000000|  0%| F|  |TAMS 0x0000000083f00000, 0x0000000083f00000| Untracked 
|  64|0x0000000084000000, 0x0000000084000000, 0x0000000084100000|  0%| F|  |TAMS 0x0000000084000000, 0x0000000084000000| Untracked 
|  65|0x0000000084100000, 0x0000000084100000, 0x0000000084200000|  0%| F|  |TAMS 0x0000000084100000, 0x0000000084100000| Untracked 
|  66|0x0000000084200000, 0x0000000084200000, 0x0000000084300000|  0%| F|  |TAMS 0x0000000084200000, 0x0000000084200000| Untracked 
|  67|0x0000000084300000, 0x0000000084300000, 0x0000000084400000|  0%| F|  |TAMS 0x0000000084300000, 0x0000000084300000| Untracked 
|  68|0x0000000084400000, 0x0000000084400000, 0x0000000084500000|  0%| F|  |TAMS 0x0000000084400000, 0x0000000084400000| Untracked 
|  69|0x0000000084500000, 0x0000000084500000, 0x0000000084600000|  0%| F|  |TAMS 0x0000000084500000, 0x0000000084500000| Untracked 
|  70|0x0000000084600000, 0x0000000084600000, 0x0000000084700000|  0%| F|  |TAMS 0x0000000084600000, 0x0000000084600000| Untracked 
|  71|0x0000000084700000, 0x0000000084700000, 0x0000000084800000|  0%| F|  |TAMS 0x0000000084700000, 0x0000000084700000| Untracked 
|  72|0x0000000084800000, 0x0000000084800000, 0x0000000084900000|  0%| F|  |TAMS 0x0000000084800000, 0x0000000084800000| Untracked 
|  73|0x0000000084900000, 0x0000000084900000, 0x0000000084a00000|  0%| F|  |TAMS 0x0000000084900000, 0x0000000084900000| Untracked 
|  74|0x0000000084a00000, 0x0000000084a00000, 0x0000000084b00000|  0%| F|  |TAMS 0x0000000084a00000, 0x0000000084a00000| Untracked 
|  75|0x0000000084b00000, 0x0000000084b00000, 0x0000000084c00000|  0%| F|  |TAMS 0x0000000084b00000, 0x0000000084b00000| Untracked 
|  76|0x0000000084c00000, 0x0000000084c00000, 0x0000000084d00000|  0%| F|  |TAMS 0x0000000084c00000, 0x0000000084c00000| Untracked 
|  77|0x0000000084d00000, 0x0000000084d00000, 0x0000000084e00000|  0%| F|  |TAMS 0x0000000084d00000, 0x0000000084d00000| Untracked 
|  78|0x0000000084e00000, 0x0000000084e00000, 0x0000000084f00000|  0%| F|  |TAMS 0x0000000084e00000, 0x0000000084e00000| Untracked 
|  79|0x0000000084f00000, 0x0000000084f00000, 0x0000000085000000|  0%| F|  |TAMS 0x0000000084f00000, 0x0000000084f00000| Untracked 
|  80|0x0000000085000000, 0x0000000085000000, 0x0000000085100000|  0%| F|  |TAMS 0x0000000085000000, 0x0000000085000000| Untracked 
|  81|0x0000000085100000, 0x0000000085100000, 0x0000000085200000|  0%| F|  |TAMS 0x0000000085100000, 0x0000000085100000| Untracked 
|  82|0x0000000085200000, 0x0000000085200000, 0x0000000085300000|  0%| F|  |TAMS 0x0000000085200000, 0x0000000085200000| Untracked 
|  83|0x0000000085300000, 0x0000000085300000, 0x0000000085400000|  0%| F|  |TAMS 0x0000000085300000, 0x0000000085300000| Untracked 
|  84|0x0000000085400000, 0x0000000085400000, 0x0000000085500000|  0%| F|  |TAMS 0x0000000085400000, 0x0000000085400000| Untracked 
|  85|0x0000000085500000, 0x0000000085500000, 0x0000000085600000|  0%| F|  |TAMS 0x0000000085500000, 0x0000000085500000| Untracked 
|  86|0x0000000085600000, 0x0000000085600000, 0x0000000085700000|  0%| F|  |TAMS 0x0000000085600000, 0x0000000085600000| Untracked 
|  87|0x0000000085700000, 0x0000000085800000, 0x0000000085800000|100%| S|CS|TAMS 0x0000000085700000, 0x0000000085700000| Complete 
|  88|0x0000000085800000, 0x0000000085900000, 0x0000000085900000|100%| S|CS|TAMS 0x0000000085800000, 0x0000000085800000| Complete 
|  89|0x0000000085900000, 0x0000000085a00000, 0x0000000085a00000|100%| S|CS|TAMS 0x0000000085900000, 0x0000000085900000| Complete 
|  90|0x0000000085a00000, 0x0000000085b00000, 0x0000000085b00000|100%| S|CS|TAMS 0x0000000085a00000, 0x0000000085a00000| Complete 
|  91|0x0000000085b00000, 0x0000000085c00000, 0x0000000085c00000|100%| S|CS|TAMS 0x0000000085b00000, 0x0000000085b00000| Complete 
|  92|0x0000000085c00000, 0x0000000085d00000, 0x0000000085d00000|100%| S|CS|TAMS 0x0000000085c00000, 0x0000000085c00000| Complete 
|  93|0x0000000085d00000, 0x0000000085e00000, 0x0000000085e00000|100%| S|CS|TAMS 0x0000000085d00000, 0x0000000085d00000| Complete 
|  94|0x0000000085e00000, 0x0000000085f00000, 0x0000000085f00000|100%| S|CS|TAMS 0x0000000085e00000, 0x0000000085e00000| Complete 
|  95|0x0000000085f00000, 0x0000000086000000, 0x0000000086000000|100%| S|CS|TAMS 0x0000000085f00000, 0x0000000085f00000| Complete 
|  96|0x0000000086000000, 0x0000000086100000, 0x0000000086100000|100%| S|CS|TAMS 0x0000000086000000, 0x0000000086000000| Complete 
|  97|0x0000000086100000, 0x0000000086100000, 0x0000000086200000|  0%| F|  |TAMS 0x0000000086100000, 0x0000000086100000| Untracked 
|  98|0x0000000086200000, 0x0000000086200000, 0x0000000086300000|  0%| F|  |TAMS 0x0000000086200000, 0x0000000086200000| Untracked 
|  99|0x0000000086300000, 0x0000000086300000, 0x0000000086400000|  0%| F|  |TAMS 0x0000000086300000, 0x0000000086300000| Untracked 
| 100|0x0000000086400000, 0x0000000086400000, 0x0000000086500000|  0%| F|  |TAMS 0x0000000086400000, 0x0000000086400000| Untracked 
| 101|0x0000000086500000, 0x0000000086500000, 0x0000000086600000|  0%| F|  |TAMS 0x0000000086500000, 0x0000000086500000| Untracked 
| 102|0x0000000086600000, 0x0000000086600000, 0x0000000086700000|  0%| F|  |TAMS 0x0000000086600000, 0x0000000086600000| Untracked 
| 103|0x0000000086700000, 0x0000000086700000, 0x0000000086800000|  0%| F|  |TAMS 0x0000000086700000, 0x0000000086700000| Untracked 
| 104|0x0000000086800000, 0x0000000086800000, 0x0000000086900000|  0%| F|  |TAMS 0x0000000086800000, 0x0000000086800000| Untracked 
| 105|0x0000000086900000, 0x0000000086900000, 0x0000000086a00000|  0%| F|  |TAMS 0x0000000086900000, 0x0000000086900000| Untracked 
| 106|0x0000000086a00000, 0x0000000086a00000, 0x0000000086b00000|  0%| F|  |TAMS 0x0000000086a00000, 0x0000000086a00000| Untracked 
| 107|0x0000000086b00000, 0x0000000086b00000, 0x0000000086c00000|  0%| F|  |TAMS 0x0000000086b00000, 0x0000000086b00000| Untracked 
| 108|0x0000000086c00000, 0x0000000086c00000, 0x0000000086d00000|  0%| F|  |TAMS 0x0000000086c00000, 0x0000000086c00000| Untracked 
| 109|0x0000000086d00000, 0x0000000086d00000, 0x0000000086e00000|  0%| F|  |TAMS 0x0000000086d00000, 0x0000000086d00000| Untracked 
| 110|0x0000000086e00000, 0x0000000086e00000, 0x0000000086f00000|  0%| F|  |TAMS 0x0000000086e00000, 0x0000000086e00000| Untracked 
| 111|0x0000000086f00000, 0x0000000086f00000, 0x0000000087000000|  0%| F|  |TAMS 0x0000000086f00000, 0x0000000086f00000| Untracked 
| 112|0x0000000087000000, 0x0000000087000000, 0x0000000087100000|  0%| F|  |TAMS 0x0000000087000000, 0x0000000087000000| Untracked 
| 113|0x0000000087100000, 0x0000000087100000, 0x0000000087200000|  0%| F|  |TAMS 0x0000000087100000, 0x0000000087100000| Untracked 
| 114|0x0000000087200000, 0x0000000087200000, 0x0000000087300000|  0%| F|  |TAMS 0x0000000087200000, 0x0000000087200000| Untracked 
| 115|0x0000000087300000, 0x0000000087300000, 0x0000000087400000|  0%| F|  |TAMS 0x0000000087300000, 0x0000000087300000| Untracked 
| 116|0x0000000087400000, 0x0000000087400000, 0x0000000087500000|  0%| F|  |TAMS 0x0000000087400000, 0x0000000087400000| Untracked 
| 117|0x0000000087500000, 0x0000000087500000, 0x0000000087600000|  0%| F|  |TAMS 0x0000000087500000, 0x0000000087500000| Untracked 
| 118|0x0000000087600000, 0x0000000087600000, 0x0000000087700000|  0%| F|  |TAMS 0x0000000087600000, 0x0000000087600000| Untracked 
| 119|0x0000000087700000, 0x0000000087700000, 0x0000000087800000|  0%| F|  |TAMS 0x0000000087700000, 0x0000000087700000| Untracked 
| 120|0x0000000087800000, 0x0000000087800000, 0x0000000087900000|  0%| F|  |TAMS 0x0000000087800000, 0x0000000087800000| Untracked 
| 121|0x0000000087900000, 0x0000000087900000, 0x0000000087a00000|  0%| F|  |TAMS 0x0000000087900000, 0x0000000087900000| Untracked 
| 122|0x0000000087a00000, 0x0000000087a00000, 0x0000000087b00000|  0%| F|  |TAMS 0x0000000087a00000, 0x0000000087a00000| Untracked 
| 123|0x0000000087b00000, 0x0000000087b00000, 0x0000000087c00000|  0%| F|  |TAMS 0x0000000087b00000, 0x0000000087b00000| Untracked 
| 124|0x0000000087c00000, 0x0000000087c00000, 0x0000000087d00000|  0%| F|  |TAMS 0x0000000087c00000, 0x0000000087c00000| Untracked 
| 125|0x0000000087d00000, 0x0000000087d00000, 0x0000000087e00000|  0%| F|  |TAMS 0x0000000087d00000, 0x0000000087d00000| Untracked 
| 126|0x0000000087e00000, 0x0000000087e00000, 0x0000000087f00000|  0%| F|  |TAMS 0x0000000087e00000, 0x0000000087e00000| Untracked 
| 127|0x0000000087f00000, 0x0000000087f00000, 0x0000000088000000|  0%| F|  |TAMS 0x0000000087f00000, 0x0000000087f00000| Untracked 
| 128|0x0000000088000000, 0x0000000088000000, 0x0000000088100000|  0%| F|  |TAMS 0x0000000088000000, 0x0000000088000000| Untracked 
| 129|0x0000000088100000, 0x0000000088100000, 0x0000000088200000|  0%| F|  |TAMS 0x0000000088100000, 0x0000000088100000| Untracked 
| 130|0x0000000088200000, 0x0000000088200000, 0x0000000088300000|  0%| F|  |TAMS 0x0000000088200000, 0x0000000088200000| Untracked 
| 131|0x0000000088300000, 0x0000000088300000, 0x0000000088400000|  0%| F|  |TAMS 0x0000000088300000, 0x0000000088300000| Untracked 
| 132|0x0000000088400000, 0x0000000088400000, 0x0000000088500000|  0%| F|  |TAMS 0x0000000088400000, 0x0000000088400000| Untracked 
| 133|0x0000000088500000, 0x0000000088500000, 0x0000000088600000|  0%| F|  |TAMS 0x0000000088500000, 0x0000000088500000| Untracked 
| 134|0x0000000088600000, 0x0000000088600000, 0x0000000088700000|  0%| F|  |TAMS 0x0000000088600000, 0x0000000088600000| Untracked 
| 135|0x0000000088700000, 0x0000000088700000, 0x0000000088800000|  0%| F|  |TAMS 0x0000000088700000, 0x0000000088700000| Untracked 
| 136|0x0000000088800000, 0x0000000088800000, 0x0000000088900000|  0%| F|  |TAMS 0x0000000088800000, 0x0000000088800000| Untracked 
| 137|0x0000000088900000, 0x0000000088900000, 0x0000000088a00000|  0%| F|  |TAMS 0x0000000088900000, 0x0000000088900000| Untracked 
| 138|0x0000000088a00000, 0x0000000088a00000, 0x0000000088b00000|  0%| F|  |TAMS 0x0000000088a00000, 0x0000000088a00000| Untracked 
| 139|0x0000000088b00000, 0x0000000088b00000, 0x0000000088c00000|  0%| F|  |TAMS 0x0000000088b00000, 0x0000000088b00000| Untracked 
| 140|0x0000000088c00000, 0x0000000088c00000, 0x0000000088d00000|  0%| F|  |TAMS 0x0000000088c00000, 0x0000000088c00000| Untracked 
| 141|0x0000000088d00000, 0x0000000088d00000, 0x0000000088e00000|  0%| F|  |TAMS 0x0000000088d00000, 0x0000000088d00000| Untracked 
| 142|0x0000000088e00000, 0x0000000088e00000, 0x0000000088f00000|  0%| F|  |TAMS 0x0000000088e00000, 0x0000000088e00000| Untracked 
| 143|0x0000000088f00000, 0x0000000088f00000, 0x0000000089000000|  0%| F|  |TAMS 0x0000000088f00000, 0x0000000088f00000| Untracked 
| 144|0x0000000089000000, 0x0000000089000000, 0x0000000089100000|  0%| F|  |TAMS 0x0000000089000000, 0x0000000089000000| Untracked 
| 145|0x0000000089100000, 0x0000000089100000, 0x0000000089200000|  0%| F|  |TAMS 0x0000000089100000, 0x0000000089100000| Untracked 
| 146|0x0000000089200000, 0x0000000089200000, 0x0000000089300000|  0%| F|  |TAMS 0x0000000089200000, 0x0000000089200000| Untracked 
| 147|0x0000000089300000, 0x0000000089300000, 0x0000000089400000|  0%| F|  |TAMS 0x0000000089300000, 0x0000000089300000| Untracked 
| 148|0x0000000089400000, 0x0000000089400000, 0x0000000089500000|  0%| F|  |TAMS 0x0000000089400000, 0x0000000089400000| Untracked 
| 149|0x0000000089500000, 0x0000000089500000, 0x0000000089600000|  0%| F|  |TAMS 0x0000000089500000, 0x0000000089500000| Untracked 
| 150|0x0000000089600000, 0x0000000089600000, 0x0000000089700000|  0%| F|  |TAMS 0x0000000089600000, 0x0000000089600000| Untracked 
| 151|0x0000000089700000, 0x0000000089700000, 0x0000000089800000|  0%| F|  |TAMS 0x0000000089700000, 0x0000000089700000| Untracked 

Card table byte_map: [0x000002487e0b0000,0x000002487e4b0000] _byte_map_base: 0x000002487dcb0000

Marking Bits (Prev, Next): (CMBitMap*) 0x0000024868d6d0d8, (CMBitMap*) 0x0000024868d6d110
 Prev Bits: [0x0000024800000000, 0x0000024802000000)
 Next Bits: [0x0000024802000000, 0x0000024804000000)

Polling page: 0x0000024868e10000

Metaspace:

Usage:
  Non-class:     42.45 MB capacity,    41.64 MB ( 98%) used,   697.70 KB (  2%) free+waste,   130.56 KB ( <1%) overhead. 
      Class:      6.57 MB capacity,     6.12 MB ( 93%) used,   400.28 KB (  6%) free+waste,    62.44 KB ( <1%) overhead. 
       Both:     49.02 MB capacity,    47.76 MB ( 97%) used,     1.07 MB (  2%) free+waste,   193.00 KB ( <1%) overhead. 

Virtual space:
  Non-class space:       54.00 MB reserved,      42.50 MB ( 79%) committed 
      Class space:        1.00 GB reserved,       6.63 MB ( <1%) committed 
             Both:        1.05 GB reserved,      49.13 MB (  5%) committed 

Chunk freelists:
   Non-Class:  49.00 KB
       Class:  27.00 KB
        Both:  76.00 KB

MaxMetaspaceSize: 17179869184.00 GB
CompressedClassSpaceSize: 1.00 GB

CodeHeap 'non-profiled nmethods': size=120000Kb used=2865Kb max_used=2865Kb free=117135Kb
 bounds [0x0000024875b00000, 0x0000024875dd0000, 0x000002487d030000]
CodeHeap 'profiled nmethods': size=120000Kb used=10297Kb max_used=10297Kb free=109702Kb
 bounds [0x000002486e5d0000, 0x000002486efe0000, 0x0000024875b00000]
CodeHeap 'non-nmethods': size=5760Kb used=2217Kb max_used=2265Kb free=3542Kb
 bounds [0x000002486e030000, 0x000002486e2a0000, 0x000002486e5d0000]
 total_blobs=5901 nmethods=5112 adapters=700
 compilation: enabled
              stopped_count=0, restarted_count=0
 full_count=0

Compilation events (20 events):
Event: 6.572 Thread 0x000002487f5d0000 nmethod 5109 0x000002486efd3a10 code [0x000002486efd3bc0, 0x000002486efd3dd8]
Event: 6.572 Thread 0x000002487f5d0000 5110   !   3       org.gradle.internal.classloader.CachingClassLoader::loadClass (85 bytes)
Event: 6.573 Thread 0x000002487f5d0000 nmethod 5110 0x000002486efd3e90 code [0x000002486efd40a0, 0x000002486efd47a8]
Event: 6.573 Thread 0x000002487f5d0000 5111       3       com.google.common.collect.MapMakerInternalMap::get (23 bytes)
Event: 6.573 Thread 0x000002487f5d0000 nmethod 5111 0x000002486efd4990 code [0x000002486efd4ba0, 0x000002486efd5088]
Event: 6.626 Thread 0x000002487f5d0000 5113   !   3       com.google.common.collect.MapMakerInternalMap$Segment::put (298 bytes)
Event: 6.628 Thread 0x000002487f5d0000 nmethod 5113 0x000002486efd5290 code [0x000002486efd58e0, 0x000002486efd9098]
Event: 6.628 Thread 0x000002487f5d0000 5112       3       com.google.common.collect.MapMakerInternalMap::putIfAbsent (29 bytes)
Event: 6.629 Thread 0x000002487f5d0000 nmethod 5112 0x000002486efdac10 code [0x000002486efdae40, 0x000002486efdb568]
Event: 6.630 Thread 0x0000024806052800 5114       4       java.util.concurrent.ConcurrentLinkedQueue::poll (84 bytes)
Event: 6.635 Thread 0x0000024806052800 nmethod 5114 0x0000024875dcba90 code [0x0000024875dcbc40, 0x0000024875dcc1b8]
Event: 6.677 Thread 0x0000024806052800 5115 % !   4       java.util.jar.Attributes::read @ 186 (390 bytes)
Event: 6.681 Thread 0x000002487f5d0000 5116       3       com.google.common.collect.MapMakerInternalMap$StrongKeyWeakValueSegment::maybeDrainReferenceQueues (9 bytes)
Event: 6.681 Thread 0x000002487f5d0000 nmethod 5116 0x000002486efdb890 code [0x000002486efdba40, 0x000002486efdbbe8]
Event: 6.681 Thread 0x000002487f5d0000 5117       3       com.google.common.collect.MapMakerInternalMap$Segment::drainValueReferenceQueue (42 bytes)
Event: 6.681 Thread 0x000002487f5d0000 nmethod 5117 0x000002486efdbc90 code [0x000002486efdbee0, 0x000002486efdc968]
Event: 6.682 Thread 0x000002487f5d0000 5118   !   3       org.gradle.internal.classloader.FilteringClassLoader::loadClass (62 bytes)
Event: 6.683 Thread 0x000002487f5d0000 nmethod 5118 0x000002486efdcd10 code [0x000002486efdcfe0, 0x000002486efddde8]
Event: 6.688 Thread 0x000002487f5d0000 5119       3       java.lang.ClassLoader::findClass (9 bytes)
Event: 6.688 Thread 0x000002487f5d0000 nmethod 5119 0x000002486efde310 code [0x000002486efde4c0, 0x000002486efde648]

GC Heap History (14 events):
Event: 0.506 GC heap before
{Heap before GC invocations=0 (full 0):
 garbage-first heap   total 129024K, used 29696K [0x0000000080000000, 0x0000000100000000)
  region size 1024K, 24 young (24576K), 0 survivors (0K)
 Metaspace       used 10190K, capacity 10429K, committed 10624K, reserved 1058816K
  class space    used 1064K, capacity 1139K, committed 1152K, reserved 1048576K
}
Event: 0.509 GC heap after
{Heap after GC invocations=1 (full 0):
 garbage-first heap   total 129024K, used 9591K [0x0000000080000000, 0x0000000100000000)
  region size 1024K, 3 young (3072K), 3 survivors (3072K)
 Metaspace       used 10190K, capacity 10429K, committed 10624K, reserved 1058816K
  class space    used 1064K, capacity 1139K, committed 1152K, reserved 1048576K
}
Event: 1.338 GC heap before
{Heap before GC invocations=1 (full 0):
 garbage-first heap   total 129024K, used 83319K [0x0000000080000000, 0x0000000100000000)
  region size 1024K, 75 young (76800K), 3 survivors (3072K)
 Metaspace       used 17666K, capacity 18160K, committed 18432K, reserved 1064960K
  class space    used 2088K, capacity 2238K, committed 2304K, reserved 1048576K
}
Event: 1.345 GC heap after
{Heap after GC invocations=2 (full 0):
 garbage-first heap   total 129024K, used 16075K [0x0000000080000000, 0x0000000100000000)
  region size 1024K, 10 young (10240K), 10 survivors (10240K)
 Metaspace       used 17666K, capacity 18160K, committed 18432K, reserved 1064960K
  class space    used 2088K, capacity 2238K, committed 2304K, reserved 1048576K
}
Event: 1.522 GC heap before
{Heap before GC invocations=2 (full 0):
 garbage-first heap   total 129024K, used 38603K [0x0000000080000000, 0x0000000100000000)
  region size 1024K, 33 young (33792K), 10 survivors (10240K)
 Metaspace       used 20590K, capacity 21128K, committed 21248K, reserved 1067008K
  class space    used 2518K, capacity 2722K, committed 2816K, reserved 1048576K
}
Event: 1.527 GC heap after
{Heap after GC invocations=3 (full 0):
 garbage-first heap   total 129024K, used 16895K [0x0000000080000000, 0x0000000100000000)
  region size 1024K, 1 young (1024K), 1 survivors (1024K)
 Metaspace       used 20590K, capacity 21128K, committed 21248K, reserved 1067008K
  class space    used 2518K, capacity 2722K, committed 2816K, reserved 1048576K
}
Event: 1.924 GC heap before
{Heap before GC invocations=4 (full 0):
 garbage-first heap   total 129024K, used 81407K [0x0000000080000000, 0x0000000100000000)
  region size 1024K, 64 young (65536K), 1 survivors (1024K)
 Metaspace       used 26631K, capacity 27337K, committed 27648K, reserved 1073152K
  class space    used 3513K, capacity 3757K, committed 3840K, reserved 1048576K
}
Event: 1.927 GC heap after
{Heap after GC invocations=5 (full 0):
 garbage-first heap   total 129024K, used 18852K [0x0000000080000000, 0x0000000100000000)
  region size 1024K, 3 young (3072K), 3 survivors (3072K)
 Metaspace       used 26631K, capacity 27337K, committed 27648K, reserved 1073152K
  class space    used 3513K, capacity 3757K, committed 3840K, reserved 1048576K
}
Event: 2.357 GC heap before
{Heap before GC invocations=5 (full 0):
 garbage-first heap   total 129024K, used 64932K [0x0000000080000000, 0x0000000100000000)
  region size 1024K, 49 young (50176K), 3 survivors (3072K)
 Metaspace       used 35003K, capacity 35798K, committed 35840K, reserved 1081344K
  class space    used 4540K, capacity 4832K, committed 4864K, reserved 1048576K
}
Event: 2.364 GC heap after
{Heap after GC invocations=6 (full 0):
 garbage-first heap   total 129024K, used 22117K [0x0000000080000000, 0x0000000100000000)
  region size 1024K, 6 young (6144K), 6 survivors (6144K)
 Metaspace       used 35003K, capacity 35798K, committed 35840K, reserved 1081344K
  class space    used 4540K, capacity 4832K, committed 4864K, reserved 1048576K
}
Event: 2.973 GC heap before
{Heap before GC invocations=7 (full 0):
 garbage-first heap   total 129024K, used 88677K [0x0000000080000000, 0x0000000100000000)
  region size 1024K, 68 young (69632K), 6 survivors (6144K)
 Metaspace       used 39533K, capacity 40430K, committed 40576K, reserved 1085440K
  class space    used 5061K, capacity 5390K, committed 5504K, reserved 1048576K
}
Event: 2.981 GC heap after
{Heap after GC invocations=8 (full 0):
 garbage-first heap   total 155648K, used 27360K [0x0000000080000000, 0x0000000100000000)
  region size 1024K, 9 young (9216K), 9 survivors (9216K)
 Metaspace       used 39533K, capacity 40430K, committed 40576K, reserved 1085440K
  class space    used 5061K, capacity 5390K, committed 5504K, reserved 1048576K
}
Event: 3.622 GC heap before
{Heap before GC invocations=8 (full 0):
 garbage-first heap   total 155648K, used 99040K [0x0000000080000000, 0x0000000100000000)
  region size 1024K, 79 young (80896K), 9 survivors (9216K)
 Metaspace       used 45769K, capacity 46951K, committed 47104K, reserved 1089536K
  class space    used 5879K, capacity 6300K, committed 6400K, reserved 1048576K
}
Event: 3.631 GC heap after
{Heap after GC invocations=9 (full 0):
 garbage-first heap   total 155648K, used 29691K [0x0000000080000000, 0x0000000100000000)
  region size 1024K, 8 young (8192K), 8 survivors (8192K)
 Metaspace       used 45769K, capacity 46951K, committed 47104K, reserved 1089536K
  class space    used 5879K, capacity 6300K, committed 6400K, reserved 1048576K
}

Deoptimization events (20 events):
Event: 6.198 Thread 0x000002480839d000 Uncommon trap: trap_request=0xffffff4d fr.pc=0x0000024875d8be04 relative=0x0000000000000524
Event: 6.198 Thread 0x000002480839d000 Uncommon trap: reason=unstable_if action=reinterpret pc=0x0000024875d8be04 method=com.google.common.collect.RegularImmutableMap.get([I[Ljava/lang/Object;IILjava/lang/Object;)Ljava/lang/Object; @ 34 c2
Event: 6.198 Thread 0x000002480839d000 DEOPT PACKING pc=0x0000024875d8be04 sp=0x000000febd7f7da0
Event: 6.198 Thread 0x000002480839d000 DEOPT UNPACKING pc=0x000002486e0578af sp=0x000000febd7f7cc8 mode 2
Event: 6.328 Thread 0x000002480839d000 Uncommon trap: trap_request=0xffffff4d fr.pc=0x0000024875d4ba1c relative=0x000000000000007c
Event: 6.328 Thread 0x000002480839d000 Uncommon trap: reason=unstable_if action=reinterpret pc=0x0000024875d4ba1c method=java.util.Spliterator.getExactSizeIfKnown()J @ 9 c2
Event: 6.328 Thread 0x000002480839d000 DEOPT PACKING pc=0x0000024875d4ba1c sp=0x000000febd7fb1e0
Event: 6.328 Thread 0x000002480839d000 DEOPT UNPACKING pc=0x000002486e0578af sp=0x000000febd7fb178 mode 2
Event: 6.360 Thread 0x000002480839d000 Uncommon trap: trap_request=0xffffffc6 fr.pc=0x0000024875c18b78 relative=0x0000000000000218
Event: 6.360 Thread 0x000002480839d000 Uncommon trap: reason=bimorphic_or_optimized_type_check action=maybe_recompile pc=0x0000024875c18b78 method=com.google.common.base.CharMatcher.indexIn(Ljava/lang/CharSequence;I)I @ 31 c2
Event: 6.360 Thread 0x000002480839d000 DEOPT PACKING pc=0x0000024875c18b78 sp=0x000000febd7f8340
Event: 6.360 Thread 0x000002480839d000 DEOPT UNPACKING pc=0x000002486e0578af sp=0x000000febd7f82e8 mode 2
Event: 6.362 Thread 0x000002480839d000 Uncommon trap: trap_request=0xffffffc6 fr.pc=0x0000024875c18b78 relative=0x0000000000000218
Event: 6.362 Thread 0x000002480839d000 Uncommon trap: reason=bimorphic_or_optimized_type_check action=maybe_recompile pc=0x0000024875c18b78 method=com.google.common.base.CharMatcher.indexIn(Ljava/lang/CharSequence;I)I @ 31 c2
Event: 6.362 Thread 0x000002480839d000 DEOPT PACKING pc=0x0000024875c18b78 sp=0x000000febd7f9c20
Event: 6.362 Thread 0x000002480839d000 DEOPT UNPACKING pc=0x000002486e0578af sp=0x000000febd7f9bc8 mode 2
Event: 6.374 Thread 0x000002480839d000 Uncommon trap: trap_request=0xffffff4d fr.pc=0x0000024875b5b5b8 relative=0x0000000000000558
Event: 6.374 Thread 0x000002480839d000 Uncommon trap: reason=unstable_if action=reinterpret pc=0x0000024875b5b5b8 method=java.util.jar.Manifest$FastInputStream.readLine([BII)I @ 130 c2
Event: 6.374 Thread 0x000002480839d000 DEOPT PACKING pc=0x0000024875b5b5b8 sp=0x000000febd7f7f90
Event: 6.374 Thread 0x000002480839d000 DEOPT UNPACKING pc=0x000002486e0578af sp=0x000000febd7f7f20 mode 2

Classes redefined (0 events):
No events

Internal exceptions (20 events):
Event: 6.241 Thread 0x000002480839d000 Exception <a 'java/lang/ClassNotFoundException'{0x00000000870d76d8}: org/gradle/api/internal/AbstractTaskCustomizer> (0x00000000870d76d8) thrown at [./src/hotspot/share/classfile/systemDictionary.cpp, line 231]
Event: 6.243 Thread 0x000002480839d000 Exception <a 'java/lang/ClassNotFoundException'{0x0000000086f47f78}: org/gradle/api/DefaultTaskCustomizer> (0x0000000086f47f78) thrown at [./src/hotspot/share/classfile/systemDictionary.cpp, line 231]
Event: 6.247 Thread 0x000002480839d000 Exception <a 'java/lang/ClassNotFoundException'{0x0000000086fc7f00}: org/gradle/api/internal/ConventionTaskCustomizer> (0x0000000086fc7f00) thrown at [./src/hotspot/share/classfile/systemDictionary.cpp, line 231]
Event: 6.248 Thread 0x000002480839d000 Exception <a 'java/lang/ClassNotFoundException'{0x0000000086ffef78}: org/gradle/api/tasks/DeleteCustomizer> (0x0000000086ffef78) thrown at [./src/hotspot/share/classfile/systemDictionary.cpp, line 231]
Event: 6.249 Thread 0x000002480839d000 Exception <a 'java/lang/ClassNotFoundException'{0x0000000086e3d838}: org/gradle/api/tasks/Delete_DecoratedCustomizer> (0x0000000086e3d838) thrown at [./src/hotspot/share/classfile/systemDictionary.cpp, line 231]
Event: 6.327 Thread 0x000002480839d000 Exception <a 'java/lang/NoSuchMethodError'{0x0000000086d4fad0}: 'long java.lang.invoke.DirectMethodHandle$Holder.invokeVirtual(java.lang.Object, java.lang.Object)'> (0x0000000086d4fad0) thrown at [./src/hotspot/share/interpreter/linkResolver.cpp, line 773]
Event: 6.329 Thread 0x000002480839b800 Exception <a 'java/lang/NoSuchMethodError'{0x0000000089709c98}: <clinit>> (0x0000000089709c98) thrown at [./src/hotspot/share/prims/jni.cpp, line 1362]
Event: 6.330 Thread 0x000002480839b800 Exception <a 'java/lang/NoSuchMethodError'{0x0000000086c117e0}: <clinit>> (0x0000000086c117e0) thrown at [./src/hotspot/share/prims/jni.cpp, line 1362]
Event: 6.330 Thread 0x000002480839b800 Exception <a 'java/lang/NoSuchMethodError'{0x0000000086c128f0}: <clinit>> (0x0000000086c128f0) thrown at [./src/hotspot/share/prims/jni.cpp, line 1362]
Event: 6.330 Thread 0x000002480839b800 Exception <a 'java/lang/NoSuchMethodError'{0x0000000086c13bf8}: <clinit>> (0x0000000086c13bf8) thrown at [./src/hotspot/share/prims/jni.cpp, line 1362]
Event: 6.330 Thread 0x000002480839b800 Exception <a 'java/lang/NoSuchMethodError'{0x0000000086c14c18}: <clinit>> (0x0000000086c14c18) thrown at [./src/hotspot/share/prims/jni.cpp, line 1362]
Event: 6.331 Thread 0x000002480839b800 Exception <a 'java/lang/NoSuchMethodError'{0x0000000086c1ea10}: <clinit>> (0x0000000086c1ea10) thrown at [./src/hotspot/share/prims/jni.cpp, line 1362]
Event: 6.331 Thread 0x000002480839b800 Exception <a 'java/lang/NoSuchMethodError'{0x0000000086c28e88}: <clinit>> (0x0000000086c28e88) thrown at [./src/hotspot/share/prims/jni.cpp, line 1362]
Event: 6.332 Thread 0x000002480839b800 Exception <a 'java/lang/NoSuchMethodError'{0x0000000086c3cc78}: <clinit>> (0x0000000086c3cc78) thrown at [./src/hotspot/share/prims/jni.cpp, line 1362]
Event: 6.352 Thread 0x000002480839d000 Exception <a 'java/lang/ClassNotFoundException'{0x0000000086c68420}: build_dgu9b5yvlevu0rlqvvllu65y1BeanInfo> (0x0000000086c68420) thrown at [./src/hotspot/share/classfile/systemDictionary.cpp, line 231]
Event: 6.353 Thread 0x000002480839d000 Exception <a 'java/lang/ClassNotFoundException'{0x0000000086c73348}: build_dgu9b5yvlevu0rlqvvllu65y1Customizer> (0x0000000086c73348) thrown at [./src/hotspot/share/classfile/systemDictionary.cpp, line 231]
Event: 6.359 Thread 0x000002480839d000 Exception <a 'java/lang/ClassNotFoundException'{0x0000000086cf35d8}: org/gradle/plugin/use/internal/PluginRequestCollector$PluginDependenciesSpecImplBeanInfo> (0x0000000086cf35d8) thrown at [./src/hotspot/share/classfile/systemDictionary.cpp, line 231]
Event: 6.359 Thread 0x000002480839d000 Exception <a 'java/lang/ClassNotFoundException'{0x0000000086b219d8}: org/gradle/plugin/use/internal/PluginRequestCollector$PluginDependenciesSpecImplCustomizer> (0x0000000086b219d8) thrown at [./src/hotspot/share/classfile/systemDictionary.cpp, line 231]
Event: 6.395 Thread 0x000002480839d000 Exception <a 'java/lang/ClassNotFoundException'{0x000000008699f1c0}: org/gradle/api/internal/plugins/DefaultObjectConfigurationActionBeanInfo> (0x000000008699f1c0) thrown at [./src/hotspot/share/classfile/systemDictionary.cpp, line 231]
Event: 6.395 Thread 0x000002480839d000 Exception <a 'java/lang/ClassNotFoundException'{0x00000000869d2560}: org/gradle/api/internal/plugins/DefaultObjectConfigurationActionCustomizer> (0x00000000869d2560) thrown at [./src/hotspot/share/classfile/systemDictionary.cpp, line 231]

Events (20 events):
Event: 6.692 loading class com/android/build/api/dsl/TestBaseFlavor
Event: 6.692 loading class com/android/build/api/dsl/TestBaseFlavor done
Event: 6.692 loading class com/android/build/api/dsl/TestVariantDimension
Event: 6.692 loading class com/android/build/api/dsl/TestVariantDimension done
Event: 6.692 loading class com/android/build/gradle/internal/dsl/BaseFlavor
Event: 6.692 loading class com/android/build/gradle/internal/dsl/BaseFlavor done
Event: 6.694 loading class com/android/build/gradle/internal/dsl/CoreProductFlavor
Event: 6.694 loading class com/android/build/gradle/internal/dsl/CoreProductFlavor done
Event: 6.694 loading class com/android/builder/model/ProductFlavor
Event: 6.694 loading class com/android/builder/model/ProductFlavor done
Event: 6.694 loading class com/android/builder/model/BaseConfig
Event: 6.694 loading class com/android/builder/model/BaseConfig done
Event: 6.694 loading class com/android/builder/model/Named
Event: 6.694 loading class com/android/builder/model/Named done
Event: 6.695 loading class com/android/builder/model/DimensionAware
Event: 6.695 loading class com/android/builder/model/DimensionAware done
Event: 6.695 loading class org/gradle/api/Named
Event: 6.695 loading class org/gradle/api/Named done
Event: 6.695 loading class com/android/builder/core/AbstractProductFlavor
Event: 6.695 loading class com/android/builder/core/AbstractProductFlavor done


Dynamic libraries:
0x00007ff75ca80000 - 0x00007ff75ca8a000 	D:\Tools\Android Studio\jre\bin\java.exe
0x00007ff9f5eb0000 - 0x00007ff9f60a5000 	C:\Windows\SYSTEM32\ntdll.dll
0x00007ff9f4040000 - 0x00007ff9f40fe000 	C:\Windows\System32\KERNEL32.DLL
0x00007ff9f35c0000 - 0x00007ff9f3888000 	C:\Windows\System32\KERNELBASE.dll
0x00007ff9f3c40000 - 0x00007ff9f3d40000 	C:\Windows\System32\ucrtbase.dll
0x00007ff9e9280000 - 0x00007ff9e9299000 	D:\Tools\Android Studio\jre\bin\jli.dll
0x00007ff9e0fc0000 - 0x00007ff9e0fd7000 	D:\Tools\Android Studio\jre\bin\VCRUNTIME140.dll
0x00007ff9f5770000 - 0x00007ff9f5911000 	C:\Windows\System32\USER32.dll
0x00007ff9f3c10000 - 0x00007ff9f3c32000 	C:\Windows\System32\win32u.dll
0x00007ff9f2990000 - 0x00007ff9f2c2a000 	C:\Windows\WinSxS\amd64_microsoft.windows.common-controls_6595b64144ccf1df_6.0.19041.1110_none_60b5254171f9507e\COMCTL32.dll
0x00007ff9f52d0000 - 0x00007ff9f52fb000 	C:\Windows\System32\GDI32.dll
0x00007ff9f4c80000 - 0x00007ff9f4d1e000 	C:\Windows\System32\msvcrt.dll
0x00007ff9f3b00000 - 0x00007ff9f3c0d000 	C:\Windows\System32\gdi32full.dll
0x00007ff9f3dd0000 - 0x00007ff9f3e6d000 	C:\Windows\System32\msvcp_win.dll
0x00007ff9f5740000 - 0x00007ff9f5770000 	C:\Windows\System32\IMM32.DLL
0x00007ff9cf880000 - 0x00007ff9cf91d000 	D:\Tools\Android Studio\jre\bin\msvcp140.dll
0x00007ff977fd0000 - 0x00007ff978a9f000 	D:\Tools\Android Studio\jre\bin\server\jvm.dll
0x00007ff9f51a0000 - 0x00007ff9f524c000 	C:\Windows\System32\ADVAPI32.dll
0x00007ff9f42b0000 - 0x00007ff9f434b000 	C:\Windows\System32\sechost.dll
0x00007ff9f4b50000 - 0x00007ff9f4c7a000 	C:\Windows\System32\RPCRT4.dll
0x00007ff9f3f70000 - 0x00007ff9f3f78000 	C:\Windows\System32\PSAPI.DLL
0x00007ff9f05f0000 - 0x00007ff9f05f9000 	C:\Windows\SYSTEM32\WSOCK32.dll
0x00007ff9d7340000 - 0x00007ff9d7367000 	C:\Windows\SYSTEM32\WINMM.dll
0x00007ff9ed510000 - 0x00007ff9ed51a000 	C:\Windows\SYSTEM32\VERSION.dll
0x00007ff9f5370000 - 0x00007ff9f53db000 	C:\Windows\System32\ws2_32.DLL
0x00007ff9f0e60000 - 0x00007ff9f0e72000 	C:\Windows\SYSTEM32\kernel.appcore.dll
0x00007ff9db8a0000 - 0x00007ff9db8b1000 	D:\Tools\Android Studio\jre\bin\verify.dll
0x00007ff9f3030000 - 0x00007ff9f3214000 	C:\Windows\SYSTEM32\DBGHELP.DLL
0x00007ff9d7bd0000 - 0x00007ff9d7bfc000 	C:\Windows\SYSTEM32\dbgcore.DLL
0x00007ff9f3d40000 - 0x00007ff9f3dc2000 	C:\Windows\System32\bcryptPrimitives.dll
0x00007ff9db870000 - 0x00007ff9db899000 	D:\Tools\Android Studio\jre\bin\java.dll
0x00007ff9ea740000 - 0x00007ff9ea74b000 	D:\Tools\Android Studio\jre\bin\jimage.dll
0x00007ff9d7b70000 - 0x00007ff9d7b88000 	D:\Tools\Android Studio\jre\bin\zip.dll
0x00007ff9f4350000 - 0x00007ff9f4a94000 	C:\Windows\System32\SHELL32.dll
0x00007ff9f1060000 - 0x00007ff9f17f4000 	C:\Windows\SYSTEM32\windows.storage.dll
0x00007ff9f53e0000 - 0x00007ff9f5735000 	C:\Windows\System32\combase.dll
0x00007ff9f2920000 - 0x00007ff9f294e000 	C:\Windows\SYSTEM32\Wldp.dll
0x00007ff9f4aa0000 - 0x00007ff9f4b4d000 	C:\Windows\System32\SHCORE.dll
0x00007ff9f5cb0000 - 0x00007ff9f5d05000 	C:\Windows\System32\shlwapi.dll
0x00007ff9f3500000 - 0x00007ff9f351f000 	C:\Windows\SYSTEM32\profapi.dll
0x00007ff9d27c0000 - 0x00007ff9d27da000 	D:\Tools\Android Studio\jre\bin\net.dll
0x00007ff9e9730000 - 0x00007ff9e983c000 	C:\Windows\SYSTEM32\WINHTTP.dll
0x00007ff9f28b0000 - 0x00007ff9f291a000 	C:\Windows\system32\mswsock.dll
0x00007ff9ce330000 - 0x00007ff9ce344000 	D:\Tools\Android Studio\jre\bin\nio.dll
0x00007ff9c9600000 - 0x00007ff9c9627000 	C:\Users\DADJOD\.gradle\native\8bec1ad78214c89d9ad589b4d07fe93259594b29d510b10fafb7a158f7737e5d\windows-amd64\native-platform.dll
0x00007ff9801c0000 - 0x00007ff9802fd000 	C:\Users\DADJOD\.gradle\native\53dbd7edfb1c66fb8903c78663c9afc45aea4f116125fa6feffd364cf09443e8\windows-amd64\native-platform-file-events.dll
0x00007ff9e5040000 - 0x00007ff9e504a000 	D:\Tools\Android Studio\jre\bin\management.dll
0x00007ff9e48b0000 - 0x00007ff9e48bc000 	D:\Tools\Android Studio\jre\bin\management_ext.dll
0x00007ff9f3340000 - 0x00007ff9f3358000 	C:\Windows\SYSTEM32\CRYPTSP.dll
0x00007ff9f2020000 - 0x00007ff9f2054000 	C:\Windows\system32\rsaenh.dll
0x00007ff9f3e70000 - 0x00007ff9f3e97000 	C:\Windows\System32\bcrypt.dll
0x00007ff9f34c0000 - 0x00007ff9f34ee000 	C:\Windows\SYSTEM32\USERENV.dll
0x00007ff9f2760000 - 0x00007ff9f276c000 	C:\Windows\SYSTEM32\CRYPTBASE.dll
0x00007ff9f2370000 - 0x00007ff9f23ab000 	C:\Windows\SYSTEM32\IPHLPAPI.DLL
0x00007ff9f3f80000 - 0x00007ff9f3f88000 	C:\Windows\System32\NSI.dll
0x00007ff9ec630000 - 0x00007ff9ec647000 	C:\Windows\SYSTEM32\dhcpcsvc6.DLL
0x00007ff9ecb20000 - 0x00007ff9ecb3d000 	C:\Windows\SYSTEM32\dhcpcsvc.DLL
0x00007ff9f23b0000 - 0x00007ff9f247b000 	C:\Windows\SYSTEM32\DNSAPI.dll

dbghelp: loaded successfully - version: 4.0.5 - missing functions: none
symbol engine: initialized successfully - sym options: 0x614 - pdb path: .;D:\Tools\Android Studio\jre\bin;C:\Windows\SYSTEM32;C:\Windows\WinSxS\amd64_microsoft.windows.common-controls_6595b64144ccf1df_6.0.19041.1110_none_60b5254171f9507e;D:\Tools\Android Studio\jre\bin\server;C:\Users\DADJOD\.gradle\native\8bec1ad78214c89d9ad589b4d07fe93259594b29d510b10fafb7a158f7737e5d\windows-amd64;C:\Users\DADJOD\.gradle\native\53dbd7edfb1c66fb8903c78663c9afc45aea4f116125fa6feffd364cf09443e8\windows-amd64

VM Arguments:
jvm_args: --add-opens=java.base/java.util=ALL-UNNAMED --add-opens=java.base/java.lang=ALL-UNNAMED --add-opens=java.base/java.lang.invoke=ALL-UNNAMED --add-opens=java.base/java.util=ALL-UNNAMED --add-opens=java.prefs/java.util.prefs=ALL-UNNAMED --add-opens=java.prefs/java.util.prefs=ALL-UNNAMED --add-opens=java.base/java.nio.charset=ALL-UNNAMED --add-opens=java.base/java.net=ALL-UNNAMED --add-opens=java.base/java.util.concurrent.atomic=ALL-UNNAMED -Xmx2048m -Dfile.encoding=UTF-8 -Duser.country=RU -Duser.language=ru -Duser.variant 
java_command: org.gradle.launcher.daemon.bootstrap.GradleDaemon 7.0.2
java_class_path (initial): C:\Users\DADJOD\.gradle\wrapper\dists\gradle-7.0.2-bin\857tjihv64xamwrf0h14cai3r\gradle-7.0.2\lib\gradle-launcher-7.0.2.jar
Launcher Type: SUN_STANDARD

[Global flags]
     intx CICompilerCount                          = 4                                         {product} {ergonomic}
     uint ConcGCThreads                            = 3                                         {product} {ergonomic}
     uint G1ConcRefinementThreads                  = 10                                        {product} {ergonomic}
   size_t G1HeapRegionSize                         = 1048576                                   {product} {ergonomic}
    uintx GCDrainStackTargetSize                   = 64                                        {product} {ergonomic}
   size_t InitialHeapSize                          = 132120576                                 {product} {ergonomic}
   size_t MarkStackSize                            = 4194304                                   {product} {ergonomic}
   size_t MaxHeapSize                              = 2147483648                                {product} {command line}
   size_t MaxNewSize                               = 1287651328                                {product} {ergonomic}
   size_t MinHeapDeltaBytes                        = 1048576                                   {product} {ergonomic}
    uintx NonNMethodCodeHeapSize                   = 5836300                                {pd product} {ergonomic}
    uintx NonProfiledCodeHeapSize                  = 122910970                              {pd product} {ergonomic}
    uintx ProfiledCodeHeapSize                     = 122910970                              {pd product} {ergonomic}
    uintx ReservedCodeCacheSize                    = 251658240                              {pd product} {ergonomic}
     bool SegmentedCodeCache                       = true                                      {product} {ergonomic}
     bool UseCompressedClassPointers               = true                                 {lp64_product} {ergonomic}
     bool UseCompressedOops                        = true                                 {lp64_product} {ergonomic}
     bool UseG1GC                                  = true                                      {product} {ergonomic}
     bool UseLargePagesIndividualAllocation        = false                                  {pd product} {ergonomic}

Logging:
Log output configuration:
 #0: stdout all=warning uptime,level,tags
 #1: stderr all=off uptime,level,tags

Environment Variables:
PATH=C:\Windows\system32;C:\Windows;C:\Windows\System32\Wbem;C:\Windows\System32\WindowsPowerShell\v1.0\;C:\Windows\System32\OpenSSH\;C:\Program Files\NVIDIA Corporation\NVIDIA NvDLISR;C:\Program Files (x86)\NVIDIA Corporation\PhysX\Common;C:\Users\DADJOD\AppData\Local\Microsoft\WindowsApps;;D:\Tools\IntelliJ IDEA Community Edition 2021.2.3\bin;
USERNAME=DADJOD
OS=Windows_NT
PROCESSOR_IDENTIFIER=Intel64 Family 6 Model 165 Stepping 2, GenuineIntel



---------------  S Y S T E M  ---------------

OS: Windows 10 , 64 bit Build 19041 (10.0.19041.1348)
OS uptime: 1 days 21:04 hours

CPU:total 12 (initial active 12) (6 cores per cpu, 2 threads per core) family 6 model 165 stepping 2 microcode 0xe2, cmov, cx8, fxsr, mmx, sse, sse2, sse3, ssse3, sse4.1, sse4.2, popcnt, avx, avx2, aes, clmul, erms, 3dnowpref, lzcnt, ht, tsc, tscinvbit, bmi1, bmi2, adx, fma

Memory: 4k page, system-wide physical 7941M (181M free)
TotalPageFile size 16133M (AvailPageFile size 5M)
current process WorkingSet (physical memory assigned to process): 300M, peak: 319M
current process commit charge ("private bytes"): 356M, peak: 378M

vm_info: OpenJDK 64-Bit Server VM (11.0.10+0-b96-7249189) for windows-amd64 JRE (11.0.10+0-b96-7249189), built on Mar 31 2021 21:44:00 by "builder" with MS VC++ 14.0 (VS2015)

END.
